$ ./target/release/rustcc --tacky /tmp/rustcc-ch17-qa/sizeof-side-effect.c
TackyProgram {
    functions: [
        TackyFunction {
            name: "main",
            global: true,
            params: [],
            body: [
                Copy {
                    src: Constant(
                        0,
                    ),
                    dst: "main.i.0",
                },
                Copy {
                    src: Constant(
                        4,
                    ),
                    dst: "const.0",
                },
                Return(
                    Var(
                        "main.i.0",
                    ),
                ),
            ],
            type_env: {
                "const.0": ULong,
                "main.i.0": Int,
            },
        },
    ],
    static_variables: [],
    static_constants: [],
}
tacky_exit_code=0
