===== cargo fmt check =====
COMMAND: cargo fmt --all -- --check
START: 2026-07-09T03:52:25-04:00
END: 2026-07-09T03:52:25-04:00
EXIT: 0

===== cargo check release =====
COMMAND: cargo check --release
START: 2026-07-09T03:52:25-04:00
    Checking rustcc v0.0.1 (/home/mei/projects/rustcc)
    Finished `release` profile [optimized] target(s) in 0.68s
END: 2026-07-09T03:52:26-04:00
EXIT: 0

===== cargo build release =====
COMMAND: cargo build --release
START: 2026-07-09T03:52:26-04:00
    Finished `release` profile [optimized] target(s) in 0.01s
END: 2026-07-09T03:52:26-04:00
EXIT: 0

===== cargo test release =====
COMMAND: cargo test --release
START: 2026-07-09T03:52:26-04:00
   Compiling rustcc v0.0.1 (/home/mei/projects/rustcc)
    Finished `release` profile [optimized] target(s) in 3.34s
     Running unittests src/lib.rs (target/release/deps/rustcc-41b78a55704c0e27)

running 0 tests

test result: ok. 0 passed; 0 failed; 0 ignored; 0 measured; 0 filtered out; finished in 0.00s

     Running unittests src/main.rs (target/release/deps/rustcc-b48f2e14c29f3b0e)

running 10 tests
test compiler::tests::compiles_constant_return ... ok
test compiler::tests::rejects_bad_lexeme ... ok
test compiler::tests::compiles_expression_precedence ... ok
test driver::tests::derives_all_output_paths ... ok
test compiler::tests::reaches_validate_through_pass_through_resolve ... ok
test driver::tests::parses_artifact_and_feature_flags ... ok
test driver::tests::parses_default_run_stage ... ok
test compiler::tests::parses_sizeof_expression_without_evaluating_it ... ok
test compiler::tests::handles_locals_and_assignment ... ok
test driver::tests::parses_stage_flags_as_stdout_only ... ok

test result: ok. 10 passed; 0 failed; 0 ignored; 0 measured; 0 filtered out; finished in 0.00s

   Doc-tests rustcc

running 0 tests

test result: ok. 0 passed; 0 failed; 0 ignored; 0 measured; 0 filtered out; finished in 0.00s

END: 2026-07-09T03:52:29-04:00
EXIT: 0

===== chapter20 latest no-coalescing =====
COMMAND: ./tests/test_compiler ./target/release/rustcc --chapter 20 --latest-only --no-coalescing
START: 2026-07-09T03:52:29-04:00
----------------------------------------------------------------------
Ran 66 tests in 3.106s

OK
END: 2026-07-09T03:52:32-04:00
EXIT: 0

===== chapter19 latest =====
COMMAND: ./tests/test_compiler ./target/release/rustcc --chapter 19 --latest-only
START: 2026-07-09T03:52:32-04:00
----------------------------------------------------------------------
Ran 120 tests in 2.825s

OK
END: 2026-07-09T03:52:35-04:00
EXIT: 0

===== chapter19 latest eliminate-dead-stores =====
COMMAND: ./tests/test_compiler ./target/release/rustcc --chapter 19 --latest-only --eliminate-dead-stores
START: 2026-07-09T03:52:35-04:00
----------------------------------------------------------------------
Ran 27 tests in 0.612s

OK
END: 2026-07-09T03:52:36-04:00
EXIT: 0

===== chapter18 latest union =====
COMMAND: ./tests/test_compiler ./target/release/rustcc --chapter 18 --latest-only --union
START: 2026-07-09T03:52:36-04:00
----------------------------------------------------------------------
Ran 286 tests in 5.118s

OK
/home/mei/projects/rustcc/tests/tests/chapter_18/valid/no_structure_parameters/libraries/initializers/nested_static_struct_initializers_client.s: Assembler messages:
/home/mei/projects/rustcc/tests/tests/chapter_18/valid/no_structure_parameters/libraries/initializers/nested_static_struct_initializers_client.s:17: Warning: value 0x1000000080000000 truncated to 0x80000000

/home/mei/projects/rustcc/tests/tests/chapter_18/valid/no_structure_parameters/libraries/initializers/static_struct_initializers_client.s: Assembler messages:
/home/mei/projects/rustcc/tests/tests/chapter_18/valid/no_structure_parameters/libraries/initializers/static_struct_initializers_client.s:9: Warning: value 0x400000005 truncated to 0x5

END: 2026-07-09T03:52:41-04:00
EXIT: 0

===== coloring probe =====
COMMAND: rustc .omo/evidence/task-58-coloring-probe.rs -o /tmp/task58-coloring-probe && /tmp/task58-coloring-probe
START: 2026-07-09T03:52:41-04:00
warning: type alias `BlockId` is never used
  --> .omo/evidence/task-58-coloring-probe.rs:11:18
   |
11 |         pub type BlockId = usize;
   |                  ^^^^^^^
   |
   = note: `#[warn(dead_code)]` (part of `#[warn(unused)]`) on by default

warning: struct `LiveBlock` is never constructed
  --> .omo/evidence/task-58-coloring-probe.rs:39:20
   |
39 |         pub struct LiveBlock {
   |                    ^^^^^^^^^

warning: struct `LiveCfg` is never constructed
  --> .omo/evidence/task-58-coloring-probe.rs:43:20
   |
43 |         pub struct LiveCfg {
   |                    ^^^^^^^

warning: method `blocks` is never used
  --> .omo/evidence/task-58-coloring-probe.rs:48:20
   |
47 |         impl LiveCfg {
   |         ------------ method in this implementation
48 |             pub fn blocks(&self) -> &[LiveBlock] {
   |                    ^^^^^^

warning: struct `InterferenceConfig` is never constructed
  --> /home/mei/projects/rustcc/src/codegen/regalloc/graph.rs:29:12
   |
29 | pub struct InterferenceConfig {
   |            ^^^^^^^^^^^^^^^^^^

warning: struct `InterferenceBuild` is never constructed
  --> /home/mei/projects/rustcc/src/codegen/regalloc/graph.rs:34:12
   |
34 | pub struct InterferenceBuild<'a> {
   |            ^^^^^^^^^^^^^^^^^

warning: struct `PseudoNodeContext` is never constructed
  --> /home/mei/projects/rustcc/src/codegen/regalloc/graph.rs:43:8
   |
43 | struct PseudoNodeContext<'a> {
   |        ^^^^^^^^^^^^^^^^^

warning: struct `EdgeContext` is never constructed
  --> /home/mei/projects/rustcc/src/codegen/regalloc/graph.rs:49:8
   |
49 | struct EdgeContext<'a> {
   |        ^^^^^^^^^^^

warning: multiple methods are never used
   --> /home/mei/projects/rustcc/src/codegen/regalloc/graph.rs:76:12
    |
 54 | impl InterferenceGraph {
    | ---------------------- methods in this implementation
...
 76 |     pub fn len(&self) -> usize {
    |            ^^^
...
 80 |     pub fn is_empty(&self) -> bool {
    |            ^^^^^^^^
...
 84 |     pub fn node(&self, id: &NodeId) -> Option<&InterferenceNode> {
    |            ^^^^
...
 88 |     pub fn nodes(&self) -> impl Iterator<Item = &InterferenceNode> {
    |            ^^^^^
...
104 |     pub fn degree(&self, id: &NodeId) -> Option<usize> {
    |            ^^^^^^
...
118 |     pub fn set_spill_cost(&mut self, id: &NodeId, spill_cost: f64) {
    |            ^^^^^^^^^^^^^^
...
136 |     pub fn are_neighbors(&self, left: &NodeId, right: &NodeId) -> bool {
    |            ^^^^^^^^^^^^^

warning: function `build_interference` is never used
   --> /home/mei/projects/rustcc/src/codegen/regalloc/graph.rs:143:8
    |
143 | pub fn build_interference(
    |        ^^^^^^^^^^^^^^^^^^

warning: function `add_pseudo_nodes` is never used
   --> /home/mei/projects/rustcc/src/codegen/regalloc/graph.rs:162:4
    |
162 | fn add_pseudo_nodes(
    |    ^^^^^^^^^^^^^^^^

warning: function `add_spill_costs` is never used
   --> /home/mei/projects/rustcc/src/codegen/regalloc/graph.rs:182:4
    |
182 | fn add_spill_costs(graph: &mut InterferenceGraph, instructions: &[Instr]) {
    |    ^^^^^^^^^^^^^^^

warning: function `add_edges` is never used
   --> /home/mei/projects/rustcc/src/codegen/regalloc/graph.rs:196:4
    |
196 | fn add_edges(
    |    ^^^^^^^^^

warning: function `move_source_matches_live` is never used
   --> /home/mei/projects/rustcc/src/codegen/regalloc/graph.rs:217:4
    |
217 | fn move_source_matches_live(instr: &Instr, live: &Operand) -> bool {
    |    ^^^^^^^^^^^^^^^^^^^^^^^^

warning: function `pseudo_is_current_class` is never used
   --> /home/mei/projects/rustcc/src/codegen/regalloc/graph.rs:258:4
    |
258 | fn pseudo_is_current_class(name: &str, class: RegisterClass, type_env: &TypeEnv) -> bool {
    |    ^^^^^^^^^^^^^^^^^^^^^^^

warning: function `is_hardreg_node` is never used
   --> /home/mei/projects/rustcc/src/codegen/regalloc/graph.rs:267:8
    |
267 | pub fn is_hardreg_node(id: &NodeId) -> bool {
    |        ^^^^^^^^^^^^^^^

warning: function `hardreg_node` is never used
   --> /home/mei/projects/rustcc/src/codegen/regalloc/graph.rs:271:8
    |
271 | pub fn hardreg_node(reg: Reg) -> NodeId {
    |        ^^^^^^^^^^^^

warning: struct `UseDef` is never constructed
  --> /home/mei/projects/rustcc/src/codegen/regalloc/operands.rs:10:12
   |
10 | pub struct UseDef {
   |            ^^^^^^

warning: function `regs_used_and_written` is never used
  --> /home/mei/projects/rustcc/src/codegen/regalloc/operands.rs:15:8
   |
15 | pub fn regs_used_and_written(
   |        ^^^^^^^^^^^^^^^^^^^^^

warning: function `instr_operands` is never used
  --> /home/mei/projects/rustcc/src/codegen/regalloc/operands.rs:34:8
   |
34 | pub fn instr_operands(instr: &Instr) -> Vec<Operand> {
   |        ^^^^^^^^^^^^^^

warning: function `raw_operands` is never used
  --> /home/mei/projects/rustcc/src/codegen/regalloc/operands.rs:71:4
   |
71 | fn raw_operands(
   |    ^^^^^^^^^^^^

warning: function `regs_read` is never used
   --> /home/mei/projects/rustcc/src/codegen/regalloc/operands.rs:134:4
    |
134 | fn regs_read(op: Operand) -> LiveSet {
    |    ^^^^^^^^^

warning: function `regs_read_or_written` is never used
   --> /home/mei/projects/rustcc/src/codegen/regalloc/operands.rs:149:4
    |
149 | fn regs_read_or_written(op: Operand) -> (LiveSet, LiveSet) {
    |    ^^^^^^^^^^^^^^^^^^^^

warning: function `simplify` is never used
  --> /home/mei/projects/rustcc/src/codegen/regalloc/simplify.rs:27:8
   |
27 | pub fn simplify(graph: &InterferenceGraph) -> Simplification {
   |        ^^^^^^^^

warning: function `choose_next` is never used
  --> /home/mei/projects/rustcc/src/codegen/regalloc/simplify.rs:50:4
   |
50 | fn choose_next(
   |    ^^^^^^^^^^^

warning: function `active_degree` is never used
  --> /home/mei/projects/rustcc/src/codegen/regalloc/simplify.rs:76:4
   |
76 | fn active_degree(graph: &InterferenceGraph, id: &NodeId, remaining: &BTreeSet<NodeId>) -> usize {
   |    ^^^^^^^^^^^^^

warning: function `spill_metric` is never used
  --> /home/mei/projects/rustcc/src/codegen/regalloc/simplify.rs:95:4
   |
95 | fn spill_metric(
   |    ^^^^^^^^^^^^

warning: type alias `LiveSet` is never used
 --> /home/mei/projects/rustcc/src/codegen/regalloc/types.rs:9:10
  |
9 | pub type LiveSet = BTreeSet<Operand>;
  |          ^^^^^^^

warning: type alias `LiveMap` is never used
  --> /home/mei/projects/rustcc/src/codegen/regalloc/types.rs:10:10
   |
10 | pub type LiveMap = BTreeMap<crate::ir::cfg::BlockId, BlockLiveness>;
   |          ^^^^^^^

warning: struct `BlockLiveness` is never constructed
  --> /home/mei/projects/rustcc/src/codegen/regalloc/types.rs:19:12
   |
19 | pub struct BlockLiveness {
   |            ^^^^^^^^^^^^^

warning: struct `LivenessConfig` is never constructed
  --> /home/mei/projects/rustcc/src/codegen/regalloc/types.rs:25:12
   |
25 | pub struct LivenessConfig {
   |            ^^^^^^^^^^^^^^

warning: enum `LivenessError` is never used
  --> /home/mei/projects/rustcc/src/codegen/regalloc/types.rs:31:10
   |
31 | pub enum LivenessError {
   |          ^^^^^^^^^^^^^

warning: method `contains` is never used
  --> /home/mei/projects/rustcc/src/codegen/regalloc/types.rs:87:12
   |
51 | impl RegisterClass {
   | ------------------ method in this implementation
...
87 |     pub fn contains(self, reg: &Reg) -> bool {
   |            ^^^^^^^^

warning: function `regs_to_operands` is never used
   --> /home/mei/projects/rustcc/src/codegen/regalloc/types.rs:109:15
    |
109 | pub(crate) fn regs_to_operands(regs: &[Reg]) -> LiveSet {
    |               ^^^^^^^^^^^^^^^^

warning: 34 warnings emitted

{
    "callee_saved": "{BX}",
    "hardreg_conflict": "Some(R8)",
    "ocaml_color_mapping": "{0: R9, 1: R8, 2: SI, 3: DI, 4: DX, 5: CX, 6: AX, 7: BX, 8: R12, 9: R13, 10: R14, 11: R15}",
    "reserved": "{\"gp\": \"[AX, BX, CX, DX, DI, SI, R8, R9, R12, R13, R14, R15]\", \"xmm\": \"[XMM(0), XMM(1), XMM(2), XMM(3), XMM(4), XMM(5), XMM(6), XMM(7), XMM(8), XMM(9), XMM(10), XMM(11), XMM(12), XMM(13)]\"}",
    "small_conflict": "{Pseudo(\"a\"): Some(R8), Pseudo(\"b\"): Some(R9)}",
    "spill_marker": "None",
}
END: 2026-07-09T03:52:41-04:00
EXIT: 0

===== scoped clippy collapsible_if =====
COMMAND: cargo clippy --release --bin rustcc -- -A warnings -W clippy::collapsible_if && ! cargo clippy --release --bin rustcc -- -A warnings -W clippy::collapsible_if 2>&1 | rg -n 'collapsible_if|src/codegen/regalloc/rewrite.rs'
START: 2026-07-09T03:52:41-04:00
    Checking rustcc v0.0.1 (/home/mei/projects/rustcc)
    Finished `release` profile [optimized] target(s) in 0.85s
END: 2026-07-09T03:52:42-04:00
EXIT: 0

===== python runner py_compile =====
COMMAND: python3 -m py_compile tests/test_framework/runner.py
START: 2026-07-09T03:52:42-04:00
END: 2026-07-09T03:52:42-04:00
EXIT: 0

===== adversarial store-spill no-coalescing =====
COMMAND: cat >/tmp/task58_store_spill.c <<'C'
int main(void) {
    long target = 0;
    long *p = &target;
    long a0 = 10;
    long a1 = 1;
    long a2 = 2;
    long a3 = 3;
    long a4 = 4;
    long a5 = 5;
    long a6 = 6;
    long a7 = 7;
    long a8 = 8;
    long a9 = 9;
    long a10 = 10;
    long a11 = 11;
    long a12 = 12;
    long a13 = 13;
    long a14 = 14;
    long a15 = 15;
    long a16 = 16;
    *p = a0;
    return (int)(target + a1 + a2 + a3 + a4 + a5 + a6 + a7 + a8 + a9 + a10 + a11 + a12 + a13 + a14 + a15 + a16);
}
C
./target/release/rustcc --no-coalescing -S /tmp/task58_store_spill.c && rg -n 'movq .*%r11|0\(%r11\)|0\(%r10\)' /tmp/task58_store_spill.s && gcc /tmp/task58_store_spill.s -o /tmp/task58_store_spill && /tmp/task58_store_spill; code=$?; printf 'adversarial runtime exit=%s (expected 146)\n' "$code"; test "$code" -eq 146
START: 2026-07-09T03:52:42-04:00
87:    movq %r8, %r11
89:    movq %r10, 0(%r11)
adversarial runtime exit=146 (expected 146)
END: 2026-07-09T03:52:43-04:00
EXIT: 0

===== git diff check =====
COMMAND: git diff --check
START: 2026-07-09T03:52:43-04:00
END: 2026-07-09T03:52:43-04:00
EXIT: 0
