QA rerun timestamp: 2026-07-09T03:42:58-04:00
cwd: /home/mei/projects/rustcc
git_head: 7a4ae74

===== git status short =====
 M .omo/boulder.json
 M src/codegen/codegen.rs
 M src/codegen/codegen/copy_prop_support.rs
 M src/codegen/emit.rs
 M src/codegen/fixup.rs
 M src/codegen/regalloc/graph.rs
 M src/codegen/regalloc/mod.rs
 M src/codegen/regalloc/operands.rs
 M src/compiler.rs
 M src/driver.rs
 M src/ir/copy_propagation/rewrite_support.rs
 M src/pipeline.rs
 M tests/test_framework/runner.py
?? .omo/evidence/task-18-adversarial-verify-2.txt
?? .omo/evidence/task-18-adversarial-verify-3.txt
?? .omo/evidence/task-18-adversarial-verify-4.txt
?? .omo/evidence/task-18-adversarial-verify.txt
?? .omo/evidence/task-18-gate-review.md
?? .omo/evidence/task-37-adversarial-verify-2.txt
?? .omo/evidence/task-37-adversarial-verify.txt
?? .omo/evidence/task-38-adversarial-verify.txt
?? .omo/evidence/task-39-adversarial-verify.txt
?? .omo/evidence/task-40-adversarial-verify-2.txt
?? .omo/evidence/task-40-adversarial-verify.txt
?? .omo/evidence/task-41-adversarial-verify.txt
?? .omo/evidence/task-58-coloring-adversarial-verify-2-gate-review.md
?? .omo/evidence/task-58-coloring-adversarial-verify-2.txt
?? .omo/evidence/task-58-coloring-adversarial-verify.txt
?? .omo/evidence/task-58-coloring-code-review-2.md
?? .omo/evidence/task-58-coloring-code-review.md
?? .omo/evidence/task-58-coloring-fix.txt
?? .omo/evidence/task-58-coloring-gate-review.md
?? .omo/evidence/task-58-coloring-implementation.txt
?? .omo/evidence/task-58-coloring-probe.rs
?? .omo/evidence/task-58-hands-on-qa/
?? .omo/evidence/task-58-manual-qa.log
?? .omo/evidence/task-58-no-coalescing-gate-fix.txt
?? .omo/evidence/task-58-verify-run.log
?? .omo/start-work/
?? src/codegen/regalloc/allocate.rs
?? src/codegen/regalloc/color.rs
?? src/codegen/regalloc/rewrite.rs
?? src/codegen/regalloc/scratch.rs
EXIT: 0

===== help =====
$ ./target/release/rustcc --help
usage: rustcc [--lex|--parse|--validate|--tacky|--codegen|-S|-c] [options] <input.c>
EXIT: 1

===== bad input =====
$ ./target/release/rustcc /tmp/task58-missing-input.c
input file does not exist: /tmp/task58-missing-input.c
EXIT: 1

===== store pointer optimized no-coalescing assembly =====
$ ./target/release/rustcc --fold-constants --eliminate-unreachable-code --propagate-copies --eliminate-dead-stores --no-coalescing -S tests/tests/chapter_20/all_types/no_coalescing/store_pointer_in_register.c
EXIT: 0

===== store pointer stack scan =====
$ rg -n -- '-[0-9]+\(%rbp\)' tests/tests/chapter_20/all_types/no_coalescing/store_pointer_in_register.s
RG_EXIT: 1 (1 means no stack refs matched)

===== assembly excerpt =====
.globl flag
.data
.align 4
flag:
    .long 1

.globl glob1
.data
.align 4
glob1:
    .long 1

.globl glob2
.data
.align 4
glob2:
    .long 2

.globl glob3
.data
.align 4
glob3:
    .long 3

.globl glob4
.data
.align 4
glob4:
    .long 4

.globl glob5
.data
.align 4
glob5:
    .long 5

.globl glob6
.data
.align 4
glob6:
    .long 6

.globl glob7
.data
.align 4
glob7:
    .long 7

.globl store_a
.bss
.align 8
store_a:
    .zero 8

.text
.globl target
target:
    pushq %rbp
    movq %rsp, %rbp
    subq $8, %rsp
    pushq %rbx
    pushq %r12
    pushq %r13
    pushq %r14
    pushq %r15
    movl glob1(%rip), %r15d
    movl glob2(%rip), %r14d
    movl glob3(%rip), %r13d
    movl glob4(%rip), %r12d
    movl glob5(%rip), %ebx
    movl $1, %edi
    movl $2, %esi
    movl $3, %edx
    movl $4, %ecx
    movl $5, %r8d
    movl %edi, %r9d
    call check_5_ints
    movl %eax, %r9d
    cmpl $0, flag(%rip)
    je if_else.1
    leaq glob1(%rip), %r8
    movq %r8, %r10
    movl $2, 0(%r10)
    leaq glob2(%rip), %r9
    movq %r9, %rdi
    movq %r9, %r10
    movl $4, 0(%r10)
    leaq glob3(%rip), %r9
    movq %r9, %rsi
    movq %r9, %r10
    movl $6, 0(%r10)
    leaq glob4(%rip), %r9
    movq %r9, %rdx
    movq %r9, %r10
    movl $8, 0(%r10)
    leaq glob5(%rip), %r9
    movq %r9, %rcx
    movq %r9, %r10
    movl $10, 0(%r10)
    leaq glob6(%rip), %r9
    movq %r9, %rax
    movq %r9, %r10
    movl $12, 0(%r10)
    leaq glob7(%rip), %r9
    movq %r9, %r9
    movq %r9, %r10
    movl $14, 0(%r10)
    movq %r8, store_a(%rip)
    jmp if_end.0
    if_else.1:
    movq $0, %rdi
    movq $0, %rsi
    movq $0, %rdx
    movq $0, %rcx
    movq $0, %rax
    movq $0, %r9
    if_end.0:
    leaq glob2(%rip), %r8
    cmpq %r8, %rdi
    setne %r8b
    movzbl %r8b, %r10d
    movl %r10d, %r8d
    cmpl $0, %r8d
    jne or_false.12
    leaq glob3(%rip), %r8
    cmpq %r8, %rsi
    setne %r8b
    movzbl %r8b, %r10d
    movl %r10d, %r8d
    cmpl $0, %r8d
    jne or_false.12
    movl $0, %r8d
    jmp or_end.13
    or_false.12:
    movl $1, %r8d
    or_end.13:
    cmpl $0, %r8d
    jne or_false.10
    leaq glob4(%rip), %r8
    cmpq %r8, %rdx
    setne %r8b
    movzbl %r8b, %r10d
    movl %r10d, %r8d
    cmpl $0, %r8d
    jne or_false.10
    movl $0, %r8d
    jmp or_end.11
    or_false.10:
    movl $1, %r8d
    or_end.11:
    cmpl $0, %r8d
    jne or_false.8
    leaq glob5(%rip), %r8
    cmpq %r8, %rcx
    setne %r8b
    movzbl %r8b, %r10d
    movl %r10d, %r8d
    cmpl $0, %r8d
    jne or_false.8
    movl $0, %r8d
    jmp or_end.9
    or_false.8:
    movl $1, %r8d
    or_end.9:
    cmpl $0, %r8d
    jne or_false.6
    leaq glob6(%rip), %r8
    cmpq %r8, %rax
    setne %r8b
    movzbl %r8b, %r10d
    movl %r10d, %r8d
    cmpl $0, %r8d
    jne or_false.6
    movl $0, %r8d
    jmp or_end.7
    or_false.6:
    movl $1, %r8d
    or_end.7:
    cmpl $0, %r8d
    jne or_false.4
    leaq glob7(%rip), %r8
    cmpq %r8, %r9
    setne %r9b
    movzbl %r9b, %r10d
    movl %r10d, %r9d
    cmpl $0, %r9d
    jne or_false.4
    movl $0, %r9d
    jmp or_end.5
    or_false.4:
    movl $1, %r9d
    or_end.5:
    cmpl $0, %r9d
    je if_end.2
    movl $1, %eax
    popq %r15
    popq %r14
    popq %r13
    popq %r12
    popq %rbx
    addq $8, %rsp
    movq %rbp, %rsp
    popq %rbp
    ret
    if_end.2:
    cmpl $2, glob1(%rip)
    setne %r9b
    movzbl %r9b, %r10d
    movl %r10d, %r9d
    cmpl $0, %r9d
    jne or_false.26
    cmpl $4, glob2(%rip)
    setne %r9b
    movzbl %r9b, %r10d
    movl %r10d, %r9d
    cmpl $0, %r9d
    jne or_false.26
    movl $0, %r9d
    jmp or_end.27
    or_false.26:
